<?xml version="1.0" encoding="UTF-8"?>
<testsuite xmlns:xsi="http://www.w3.org/2001/XMLSchema-instance" xsi:noNamespaceSchemaLocation="https://maven.apache.org/surefire/maven-surefire-plugin/xsd/surefire-test-report.xsd" name="ch.world.app.client.background.util.HashMapChainingTest" time="0.055" tests="4" errors="0" skipped="0" failures="0">
  <properties>
[...]
</properties>
  <testcase name="forEach" classname="ch.world.app.client.background.util.HashMapChainingTest" time="0.042"/>
  <testcase name="add" classname="ch.world.app.client.background.util.HashMapChainingTest" time="0"/>
  <testcase name="equalsWoks" classname="ch.world.app.client.background.util.HashMapChainingTest" time="0.003"/>
  <testcase name="addAllAndClearAndNoDuplicates" classname="ch.world.app.client.background.util.HashMapChainingTest" time="0.002"/>
</testsuite>